<?xml version="1.0" encoding="UTF-8"?>
<!-- Generated by org.testng.reporters.JUnitXMLReporter -->
<testsuite ignored="0" hostname="LTIN314441" failures="0" tests="14" name="Default test" time="40.368" errors="0" timestamp="2024-03-06T01:28:46 IST">
  <testcase classname="bikesMain.DisplayNewBikes" name="NewBikes" time="1.39"/>
  <testcase classname="bikesMain.DisplayNewBikes" name="UpcomingBikes" time="2.302"/>
  <testcase classname="bikesMain.DisplayNewBikes" name="ManufacturerDrop" time="2.629"/>
  <testcase classname="bikesMain.DisplayNewBikes" name="ClickHonda" time="0.685"/>
  <testcase classname="bikesMain.DisplayNewBikes" name="Viewmore" time="0.663"/>
  <testcase classname="bikesMain.DisplayNewBikes" name="ModelName" time="1.534"/>
  <testcase classname="bikesMain.DisplayNewBikes" name="Usedcars" time="0.681"/>
  <testcase classname="bikesMain.DisplayNewBikes" name="clickChennai" time="5.784"/>
  <testcase classname="bikesMain.DisplayNewBikes" name="GetCarBrands" time="2.606"/>
  <testcase classname="bikesMain.DisplayNewBikes" name="login" time="0.295"/>
  <testcase classname="bikesMain.DisplayNewBikes" name="Google" time="5.298"/>
  <testcase classname="bikesMain.DisplayNewBikes" name="Lognwndw" time="4.593"/>
  <testcase classname="bikesMain.DisplayNewBikes" name="EnterDetails" time="3.281"/>
  <testcase classname="bikesMain.DisplayNewBikes" name="ErrorMsg" time="1.119"/>
</testsuite> <!-- Default test -->
